<?xml version="1.0" encoding="UTF-8"?>
<!-- Generated by org.testng.reporters.JUnitReportReporter -->
<testsuite hostname="vicky" name="allSocialShare.Testing" tests="1" failures="0" timestamp="19 Nov 2015 19:56:12 GMT" time="3.133" errors="0">
  <testcase name="Test" time="3.133" classname="allSocialShare.Testing"/>
</testsuite> <!-- allSocialShare.Testing -->
